<?xml version="1.0" encoding="UTF-8"?>
<testsuite xmlns:xsi="http://www.w3.org/2001/XMLSchema-instance" xsi:noNamespaceSchemaLocation="https://maven.apache.org/surefire/maven-surefire-plugin/xsd/surefire-test-report-3.0.xsd" version="3.0" name="TestIbanPort3Test" time="0.03" tests="14" errors="0" skipped="0" failures="0">
  <properties>
[...]
</properties>
  <testcase name="testIbanFalse(String, String, String)[1]" classname="TestIbanPort3Test" time="0.001">
    <system-out><![CDATA[T1.1

]]></system-out>
  </testcase>
  <testcase name="testIbanFalse(String, String, String)[2]" classname="TestIbanPort3Test" time="0.001">
    <system-out><![CDATA[T1.2

]]></system-out>
  </testcase>
  <testcase name="testIbanFalse(String, String, String)[3]" classname="TestIbanPort3Test" time="0.001">
    <system-out><![CDATA[T1.3

]]></system-out>
  </testcase>
  <testcase name="testIbanFalse(String, String, String)[4]" classname="TestIbanPort3Test" time="0">
    <system-out><![CDATA[T1.4

]]></system-out>
  </testcase>
  <testcase name="testIbanFalse(String, String, String)[5]" classname="TestIbanPort3Test" time="0.002">
    <system-out><![CDATA[T1.7

]]></system-out>
  </testcase>
  <testcase name="testIbanFalse(String, String, String)[6]" classname="TestIbanPort3Test" time="0.001">
    <system-out><![CDATA[T1.8

]]></system-out>
  </testcase>
  <testcase name="testIbanFalse(String, String, String)[7]" classname="TestIbanPort3Test" time="0">
    <system-out><![CDATA[T1.9

]]></system-out>
  </testcase>
  <testcase name="testIbanFalse(String, String, String)[8]" classname="TestIbanPort3Test" time="0.001">
    <system-out><![CDATA[T1.10

]]></system-out>
  </testcase>
  <testcase name="testIbanFalse(String, String, String)[9]" classname="TestIbanPort3Test" time="0.001">
    <system-out><![CDATA[T1.13

]]></system-out>
  </testcase>
  <testcase name="testIbanFalse(String, String, String)[10]" classname="TestIbanPort3Test" time="0">
    <system-out><![CDATA[T1.14

]]></system-out>
  </testcase>
  <testcase name="testIbanTrue(String, String, String)[1]" classname="TestIbanPort3Test" time="0.001">
    <system-out><![CDATA[T1.5

]]></system-out>
  </testcase>
  <testcase name="testIbanTrue(String, String, String)[2]" classname="TestIbanPort3Test" time="0.001">
    <system-out><![CDATA[T1.6

]]></system-out>
  </testcase>
  <testcase name="testIbanTrue(String, String, String)[3]" classname="TestIbanPort3Test" time="0.001">
    <system-out><![CDATA[T1.11

]]></system-out>
  </testcase>
  <testcase name="testIbanTrue(String, String, String)[4]" classname="TestIbanPort3Test" time="0.001">
    <system-out><![CDATA[T1.12

]]></system-out>
  </testcase>
</testsuite>